app/proguard-gradle-repackage.txt
-repackageclasses atakplugin.CoTExplorer