app/build/outputs/mapping/civRelease/seeds.txt
com.atakmap.android.cotexplorer.plugin.CotExplorerLifecycle
com.atakmap.android.cotexplorer.plugin.R$drawable: int btn_gray
com.atakmap.android.cotexplorer.plugin.R$color: int white
com.atakmap.android.cotexplorer.plugin.R$drawable: int ic_launcher
com.atakmap.android.cotexplorer.plugin.R$drawable: int new_dark_button_disabled
com.atakmap.android.cotexplorer.plugin.R$string: int app_name
com.atakmap.android.cotexplorer.plugin.R$string: int set_enabled
com.atakmap.android.cotexplorer.plugin.R$string: int set_set_enabled_summary
com.atakmap.android.cotexplorer.plugin.R$id: int inspectBtn
com.atakmap.android.cotexplorer.plugin.R$string: int set_recv
com.atakmap.android.cotexplorer.plugin.R$style: int ATAKTheme
com.atakmap.android.cotexplorer.plugin.R$drawable: int ic_filter
com.atakmap.android.cotexplorer.plugin.R$style: int ATAKPluginTheme
com.atakmap.android.cotexplorer.plugin.R$id: int pauseBtn
com.atakmap.android.cotexplorer.plugin.R$id: int saveBtn
com.atakmap.android.cotexplorer.plugin.R$style: int darkButton
com.atakmap.android.cotexplorer.plugin.R$string: int set_send
com.atakmap.android.cotexplorer.plugin.R$id: int cotexplorerlog
com.atakmap.android.cotexplorer.plugin.R$string: int set_type
com.atakmap.android.cotexplorer.plugin.R$color: int black
com.atakmap.android.cotexplorer.plugin.R$string: int app_desc
com.atakmap.android.cotexplorer.plugin.R$xml: int preferences
com.atakmap.android.cotexplorer.plugin.R$dimen: int fontSize
com.atakmap.android.cotexplorer.plugin.R$string: int set_send_summary
com.atakmap.android.cotexplorer.plugin.R$string: int preferences_summary
com.atakmap.android.cotexplorer.plugin.R$style: int ATAKEditText
com.atakmap.android.cotexplorer.plugin.R$drawable: int cot_explorer
com.atakmap.android.cotexplorer.plugin.R$style: int FullDropdownStyle
com.atakmap.android.cotexplorer.plugin.R$drawable: int new_dark_button_bg
com.atakmap.android.cotexplorer.plugin.R$string: int set_recv_summary
com.atakmap.android.cotexplorer.plugin.R$color: int darker_gray
com.atakmap.android.cotexplorer.plugin.R$string: int preferences_title
com.atakmap.android.cotexplorer.plugin.R$id: int clearBtn
com.atakmap.android.cotexplorer.plugin.R$layout: int main_layout
com.atakmap.android.cotexplorer.plugin.R$string: int set_type_summary
com.atakmap.android.cotexplorer.plugin.R$drawable: int new_dark_button_selected
com.atakmap.android.cotexplorer.plugin.R$style: int ATAKSpinner
com.atakmap.android.cotexplorer.plugin.R$style: int AppTheme
com.atakmap.android.cotexplorer.plugin.R$style: int ATAKSpinnerItem
com.atakmap.android.cotexplorer.plugin.R$id: int sendBtn
com.atakmap.android.cotexplorer.plugin.R$style: int AppBaseTheme
com.atakmap.android.cotexplorer.plugin.R$style: int unpaddedButton
com.atakmap.android.cotexplorer.plugin.R$string: int key_cotexplorer_preferences
com.atakmap.android.cotexplorer.plugin.R$id: int filterBtn
com.atakmap.android.cotexplorer.plugin.R$string: int versionName
...
androidx.recyclerview.R$styleable: int RecyclerView_layoutManager
androidx.customview.poolingcontainer.R$id: int pooling_container_listener_holder_tag
androidx.recyclerview.R$styleable: int RecyclerView_spanCount
androidx.recyclerview.R$styleable: int RecyclerView_fastScrollVerticalThumbDrawable
androidx.recyclerview.R$styleable: int RecyclerView_reverseLayout
androidx.recyclerview.R$styleable: int RecyclerView_android_descendantFocusability
androidx.recyclerview.R$attr: int fastScrollHorizontalThumbDrawable
androidx.recyclerview.R$attr: int layoutManager
androidx.recyclerview.R$attr: int reverseLayout
androidx.recyclerview.widget.StaggeredGridLayoutManager$LazySpanLookup$FullSpanItem: android.os.Parcelable$Creator CREATOR
androidx.recyclerview.widget.RecyclerView$SavedState: android.os.Parcelable$Creator CREATOR
androidx.recyclerview.R$styleable: int RecyclerView_stackFromEnd
androidx.recyclerview.R$dimen: int fastscroll_margin
androidx.recyclerview.R$attr: int fastScrollVerticalThumbDrawable
androidx.customview.poolingcontainer.R$id: int is_pooling_container_tag
androidx.recyclerview.widget.LinearLayoutManager$SavedState: android.os.Parcelable$Creator CREATOR
androidx.recyclerview.R$dimen: int item_touch_helper_swipe_escape_max_velocity
androidx.recyclerview.R$styleable: int RecyclerView_fastScrollVerticalTrackDrawable
androidx.recyclerview.R$dimen: int fastscroll_default_thickness
androidx.customview.view.AbsSavedState: android.os.Parcelable$Creator CREATOR
androidx.recyclerview.R$styleable: int RecyclerView_android_clipToPadding
androidx.recyclerview.R$id: int item_touch_helper_previous_elevation
androidx.recyclerview.R$attr: int fastScrollEnabled
androidx.recyclerview.R$dimen: int fastscroll_minimum_range
androidx.recyclerview.R$styleable: int RecyclerView_fastScrollHorizontalTrackDrawable
androidx.recyclerview.widget.StaggeredGridLayoutManager$SavedState: android.os.Parcelable$Creator CREATOR
androidx.recyclerview.R$attr: int fastScrollHorizontalTrackDrawable
androidx.recyclerview.R$styleable: int RecyclerView_fastScrollEnabled
androidx.recyclerview.R$styleable: int[] RecyclerView
androidx.recyclerview.R$dimen: int item_touch_helper_max_drag_scroll_per_frame
androidx.recyclerview.R$attr: int fastScrollVerticalTrackDrawable
androidx.recyclerview.R$attr: int stackFromEnd
androidx.recyclerview.R$attr: int recyclerViewStyle
androidx.recyclerview.R$styleable: int RecyclerView_android_orientation
androidx.recyclerview.R$styleable: int RecyclerView_fastScrollHorizontalThumbDrawable
androidx.recyclerview.R$attr: int spanCount
androidx.recyclerview.R$dimen: int item_touch_helper_swipe_escape_velocity
kotlin.reflect.KParameter$Kind: kotlin.reflect.KParameter$Kind[] values()
androidx.recyclerview.widget.RecyclerView$Adapter$StateRestorationPolicy: androidx.recyclerview.widget.RecyclerView$Adapter$StateRestorationPolicy valueOf(java.lang.String)
kotlin.reflect.KParameter$Kind: kotlin.reflect.KParameter$Kind valueOf(java.lang.String)
kotlin.collections.State: kotlin.collections.State[] values()
androidx.annotation.InspectableProperty$ValueType: androidx.annotation.InspectableProperty$ValueType valueOf(java.lang.String)
kotlin.time.DurationUnit: kotlin.time.DurationUnit[] values()
kotlin.annotation.AnnotationRetention: kotlin.annotation.AnnotationRetention[] values()
kotlin.text.CharCategory: kotlin.text.CharCategory valueOf(java.lang.String)
androidx.recyclerview.widget.RecyclerView: RecyclerView(android.content.Context,android.util.AttributeSet)
kotlin.reflect.KVisibility: kotlin.reflect.KVisibility[] values()
kotlin.Experimental$Level: kotlin.Experimental$Level[] values()
kotlin.text.RegexOption: kotlin.text.RegexOption[] values()
kotlin.annotation.AnnotationRetention: kotlin.annotation.AnnotationRetention valueOf(java.lang.String)
kotlin.reflect.KVariance: kotlin.reflect.KVariance[] values()
kotlin.random.Random: Random()
kotlin.collections.AbstractMutableList: AbstractMutableList()