app/build/outputs/mapping/civRelease/mapping.txt
# compiler: R8
# compiler_version: 8.8.34
# min_api: 21
# common_typos_disable
# {"id":"com.android.tools.r8.mapping","version":"2.2"}
# pg_map_id: 47acae3
# pg_map_hash: SHA-256 47acae3a687148da1cd67c80069fb9cd04557a9ceeed486293be7878a9cad617
com.atakmap.android.cotexplorer.plugin.BuildConfig -> atakplugin.CoTExplorer.j0:
# {"id":"sourceFile","fileName":"BuildConfig.java"}
    boolean DEBUG -> a
    java.lang.String APPLICATION_ID -> b
    java.lang.String BUILD_TYPE -> c
    java.lang.String FLAVOR -> d
    int VERSION_CODE -> e
    java.lang.String VERSION_NAME -> f
    java.lang.String ATAK_PACKAGE_NAME -> g
    1:4:void <init>():6:6 -> <init>
com.atakmap.android.cotexplorer.plugin.CotExplorerLifecycle -> com.atakmap.android.cotexplorer.plugin.CotExplorerLifecycle:
# {"id":"sourceFile","fileName":"CotExplorerLifecycle.java"}
    1:26:void <init>(gov.tak.api.plugin.IServiceController):15:15 -> <init>
com.atakmap.android.cotexplorer.plugin.CotExplorerTool -> atakplugin.CoTExplorer.R1:
# {"id":"sourceFile","fileName":"CotExplorerTool.java"}
    java.lang.String TAG -> a
    1:2:void <init>(android.content.Context):14:14 -> <init>
    3:8:void <init>(android.content.Context):15:15 -> <init>
    9:12:void <init>(android.content.Context):16:16 -> <init>
    13:26:void <init>(android.content.Context):17:17 -> <init>
    27:29:void <init>(android.content.Context):14:14 -> <init>
    30:33:void <init>(android.content.Context):19:19 -> <init>
    1:1:void dispose():24:24 -> dispose
com.atakmap.android.cotexplorer.plugin.PluginNativeLoader -> atakplugin.CoTExplorer.L7:
# {"id":"sourceFile","fileName":"PluginNativeLoader.java"}
    java.lang.String TAG -> a
    java.lang.String ndl -> b
    java.lang.String COTEXPLORER_DIR -> c
    1:24:void <clinit>():15:15 -> <clinit>
    1:4:void <init>():9:9 -> <init>
    1:3:java.lang.String getCotExplorerDir():53:53 -> a
    4:7:void init(android.content.Context):18:18 -> b
    8:11:void init(android.content.Context):21:21 -> b
    12:24:void init(android.content.Context):22:22 -> b
    25:31:void init(android.content.Context):26:26 -> b
    32:37:void init(android.content.Context):27:27 -> b
    38:43:void init(android.content.Context):28:28 -> b
    44:68:void init(android.content.Context):29:29 -> b
    69:91:void init(android.content.Context):31:31 -> b
    92:99:void init(android.content.Context):35:35 -> b
    100:103:void init(android.content.Context):39:39 -> b
    1:4:void loadLibrary(java.lang.String):42:42 -> c
    5:19:void loadLibrary(java.lang.String):43:43 -> c
    20:30:void loadLibrary(java.lang.String):44:44 -> c
    31:41:void loadLibrary(java.lang.String):45:45 -> c
    42:45:void loadLibrary(java.lang.String):46:46 -> c
    46:53:void loadLibrary(java.lang.String):49:49 -> c
com.atakmap.android.cotexplorer.plugin.R -> atakplugin.CoTExplorer.p8:
    1:4:void <init>():0:0 -> <init>
com.atakmap.android.cotexplorer.plugin.R$color -> atakplugin.CoTExplorer.p8$a:
    1:4:void <init>():0:0 -> <init>
com.atakmap.android.cotexplorer.plugin.R$dimen -> atakplugin.CoTExplorer.p8$b:
    1:4:void <init>():0:0 -> <init>
com.atakmap.android.cotexplorer.plugin.R$drawable -> atakplugin.CoTExplorer.p8$c:
    1:4:void <init>():0:0 -> <init>
com.atakmap.android.cotexplorer.plugin.R$id -> atakplugin.CoTExplorer.p8$d:
    1:4:void <init>():0:0 -> <init>
com.atakmap.android.cotexplorer.plugin.R$layout -> atakplugin.CoTExplorer.p8$e:
    1:4:void <init>():0:0 -> <init>
com.atakmap.android.cotexplorer.plugin.R$string -> atakplugin.CoTExplorer.p8$f:
    1:4:void <init>():0:0 -> <init>
com.atakmap.android.cotexplorer.plugin.R$style -> atakplugin.CoTExplorer.p8$g:
    1:4:void <init>():0:0 -> <init>
com.atakmap.android.cotexplorer.plugin.R$xml -> atakplugin.CoTExplorer.p8$h:
    1:4:void <init>():0:0 -> <init>
...
kotlin.Triple -> atakplugin.CoTExplorer.Oa:
# {"id":"sourceFile","fileName":"Tuples.kt"}
    java.lang.Object first -> b
    java.lang.Object second -> c
    java.lang.Object third -> d
    1:3:void <init>(java.lang.Object,java.lang.Object,java.lang.Object):66:66 -> <init>
    4:5:void <init>(java.lang.Object,java.lang.Object,java.lang.Object):67:67 -> <init>
    6:7:void <init>(java.lang.Object,java.lang.Object,java.lang.Object):68:68 -> <init>
    8:10:void <init>(java.lang.Object,java.lang.Object,java.lang.Object):69:69 -> <init>
    1:3:java.lang.Object component1():0:0 -> a
    1:3:java.lang.Object component2():0:0 -> b
    1:3:java.lang.Object component3():0:0 -> c
    1:6:kotlin.Triple copy(java.lang.Object,java.lang.Object,java.lang.Object):0:0 -> d
      # {"id":"com.android.tools.r8.residualsignature","signature":"(Ljava/lang/Object;Ljava/lang/Object;Ljava/lang/Object;)Latakplugin/CoTExplorer/Oa;"}
    5:23:kotlin.Triple copy$default(kotlin.Triple,java.lang.Object,java.lang.Object,java.lang.Object,int,java.lang.Object):0:0 -> e
      # {"id":"com.android.tools.r8.residualsignature","signature":"(Latakplugin/CoTExplorer/Oa;Ljava/lang/Object;Ljava/lang/Object;Ljava/lang/Object;ILjava/lang/Object;)Latakplugin/CoTExplorer/Oa;"}
    5:46:boolean equals(java.lang.Object):0:0 -> equals
    1:3:java.lang.Object getFirst():67:67 -> f
    1:3:java.lang.Object getSecond():68:68 -> g
    1:3:java.lang.Object getThird():69:69 -> h
    1:37:int hashCode():0:0 -> hashCode
kotlin.TuplesKt -> atakplugin.CoTExplorer.Pa:
# {"id":"sourceFile","fileName":"Tuples.kt"}
    1:6:kotlin.Pair to(java.lang.Object,java.lang.Object):43:43 -> a
      # {"id":"com.android.tools.r8.residualsignature","signature":"(Ljava/lang/Object;Ljava/lang/Object;)Latakplugin/CoTExplorer/C7;"}
    6:27:java.util.List toList(kotlin.Pair):49:49 -> b
      # {"id":"com.android.tools.r8.residualsignature","signature":"(Latakplugin/CoTExplorer/C7;)Ljava/util/List;"}
    6:34:java.util.List toList(kotlin.Triple):82:82 -> c
      # {"id":"com.android.tools.r8.residualsignature","signature":"(Latakplugin/CoTExplorer/Oa;)Ljava/util/List;"}
kotlin.TypeAliasesKt -> atakplugin.CoTExplorer.Sa:
# {"id":"sourceFile","fileName":"TypeAliases.kt"}
    1:1:void ArithmeticException$annotations():0:0 -> a
    1:1:void AssertionError$annotations():0:0 -> b
    1:1:void ClassCastException$annotations():0:0 -> c
    1:1:void Comparator$annotations():0:0 -> d
    1:1:void ConcurrentModificationException$annotations():0:0 -> e
    1:1:void Error$annotations():0:0 -> f
    1:1:void Exception$annotations():0:0 -> g
    1:1:void IllegalArgumentException$annotations():0:0 -> h
    1:1:void IllegalStateException$annotations():0:0 -> i
    1:1:void IndexOutOfBoundsException$annotations():0:0 -> j
    1:1:void NoSuchElementException$annotations():0:0 -> k
    1:1:void NullPointerException$annotations():0:0 -> l
    1:1:void NumberFormatException$annotations():0:0 -> m
    1:1:void RuntimeException$annotations():0:0 -> n
    1:1:void UnsupportedOperationException$annotations():0:0 -> o
kotlin.TypeCastException -> atakplugin.CoTExplorer.Ta:
# {"id":"sourceFile","fileName":"TypeCastException.kt"}
    1:1:void <init>():9:9 -> <init>
    2:2:void <init>(java.lang.String):11:11 -> <init>